0 info it worked if it ends with ok
1 verbose cli [ '/usr/bin/nodejs',
1 verbose cli   '/usr/bin/npm',
1 verbose cli   'install',
1 verbose cli   '-g',
1 verbose cli   'angular-cli@webpack' ]
2 info using npm@3.5.2
3 info using node@v4.2.6
4 silly loadCurrentTree Starting
5 silly install loadCurrentTree
6 silly install readGlobalPackageData
7 silly fetchPackageMetaData angular-cli@webpack
8 silly fetchNamedPackageData angular-cli
9 silly mapToRegistry name angular-cli
10 silly mapToRegistry using default registry
11 silly mapToRegistry registry https://registry.npmjs.org/
12 silly mapToRegistry uri https://registry.npmjs.org/angular-cli
13 verbose request uri https://registry.npmjs.org/angular-cli
14 verbose request no auth needed
15 info attempt registry request try #1 at 9:40:44 PM
16 verbose request id ee266ada61882f5d
17 verbose etag W/"58460266-35ac0"
18 verbose lastModified Tue, 06 Dec 2016 00:12:22 GMT
19 http request GET https://registry.npmjs.org/angular-cli
20 http 304 https://registry.npmjs.org/angular-cli
21 verbose headers { date: 'Thu, 08 Dec 2016 23:40:44 GMT',
21 verbose headers   via: '1.1 varnish',
21 verbose headers   'cache-control': 'max-age=300',
21 verbose headers   etag: 'W/"58460266-35ac0"',
21 verbose headers   age: '0',
21 verbose headers   connection: 'keep-alive',
21 verbose headers   'x-served-by': 'cache-gru7121-GRU',
21 verbose headers   'x-cache': 'HIT',
21 verbose headers   'x-cache-hits': '1',
21 verbose headers   'x-timer': 'S1481240444.351508,VS0,VE765',
21 verbose headers   vary: 'Accept-Encoding' }
22 silly get cb [ 304,
22 silly get   { date: 'Thu, 08 Dec 2016 23:40:44 GMT',
22 silly get     via: '1.1 varnish',
22 silly get     'cache-control': 'max-age=300',
22 silly get     etag: 'W/"58460266-35ac0"',
22 silly get     age: '0',
22 silly get     connection: 'keep-alive',
22 silly get     'x-served-by': 'cache-gru7121-GRU',
22 silly get     'x-cache': 'HIT',
22 silly get     'x-cache-hits': '1',
22 silly get     'x-timer': 'S1481240444.351508,VS0,VE765',
22 silly get     vary: 'Accept-Encoding' } ]
23 verbose etag https://registry.npmjs.org/angular-cli from cache
24 verbose get saving angular-cli to /home/wmfsystem/.npm/registry.npmjs.org/angular-cli/.cache.json
25 silly fetchPackageMetaData Error: No compatible version found: angular-cli@webpack
25 silly fetchPackageMetaData Valid install targets:
25 silly fetchPackageMetaData 1.0.0-beta.22-1, 1.0.0-beta.20-4, 1.0.0-beta.20-3, 1.0.0-beta.20-2, 1.0.0-beta.20-1, 1.0.0-beta.2-mobile.4, 1.0.0-beta.2-mobile.3, 1.0.0-beta.2-mobile.2, 1.0.0-beta.2-mobile.1, 1.0.0-beta.2-mobile, 1.0.0-beta.19-3, 1.0.0-beta.12-1, 1.0.0-beta.11-webpack.9-4, 1.0.0-beta.11-webpack.9-3, 1.0.0-beta.11-webpack.9-2, 1.0.0-beta.11-webpack.9-1, 1.0.0-beta.11-webpack.9, 1.0.0-beta.11-webpack.8, 1.0.0-beta.11-webpack.7, 1.0.0-beta.11-webpack.6, 1.0.0-beta.11-webpack.5, 1.0.0-beta.11-webpack.4, 1.0.0-beta.11-webpack.3, 1.0.0-beta.11-webpack.2, 1.0.0-beta.11-webpack, 1.0.0-beta.22, 1.0.0-beta.21, 1.0.0-beta.18, 1.0.0-beta.17, 1.0.0-beta.16, 1.0.0-beta.15, 1.0.0-beta.14, 1.0.0-beta.12, 1.0.0-beta.10, 1.0.0-beta.9, 1.0.0-beta.8, 1.0.0-beta.6, 1.0.0-beta.5, 1.0.0-beta.4, 1.0.0-beta.1, 1.0.0-beta.0, 0.1.0, 0.0.39, 0.0.37, 0.0.34, 0.0.33, 0.0.31, 0.0.30, 0.0.29, 0.0.28, 0.0.27, 0.0.26, 0.0.25, 0.0.24, 0.0.23, 0.0.22, 0.0.20, 0.0.19, 0.0.18, 0.0.17, 0.0.16, 0.0.15, 0.0.14, 0.0.13, 0.0.12, 0.0.11, 0.0.10, 0.0.9, 0.0.8, 0.0.7, 0.0.6, 0.0.5, 0.0.4, 0.0.3, 0.0.2, 0.0.1, 0.0.0
25 silly fetchPackageMetaData
25 silly fetchPackageMetaData     at pickVersionFromRegistryDocument (/usr/share/npm/lib/fetch-package-metadata.js:156:16)
25 silly fetchPackageMetaData     at /usr/share/npm/node_modules/iferr/index.js:13:50
25 silly fetchPackageMetaData     at /usr/share/npm/lib/utils/pulse-till-done.js:19:8
25 silly fetchPackageMetaData     at saved (/usr/share/npm/lib/cache/caching-client.js:168:7)
25 silly fetchPackageMetaData     at /usr/share/npm/node_modules/graceful-fs/polyfills.js:210:7
25 silly fetchPackageMetaData     at FSReqWrap.oncomplete (fs.js:82:15)
25 silly fetchPackageMetaData  error for angular-cli@webpack [Error: No compatible version found: angular-cli@webpack
25 silly fetchPackageMetaData Valid install targets:
25 silly fetchPackageMetaData 1.0.0-beta.22-1, 1.0.0-beta.20-4, 1.0.0-beta.20-3, 1.0.0-beta.20-2, 1.0.0-beta.20-1, 1.0.0-beta.2-mobile.4, 1.0.0-beta.2-mobile.3, 1.0.0-beta.2-mobile.2, 1.0.0-beta.2-mobile.1, 1.0.0-beta.2-mobile, 1.0.0-beta.19-3, 1.0.0-beta.12-1, 1.0.0-beta.11-webpack.9-4, 1.0.0-beta.11-webpack.9-3, 1.0.0-beta.11-webpack.9-2, 1.0.0-beta.11-webpack.9-1, 1.0.0-beta.11-webpack.9, 1.0.0-beta.11-webpack.8, 1.0.0-beta.11-webpack.7, 1.0.0-beta.11-webpack.6, 1.0.0-beta.11-webpack.5, 1.0.0-beta.11-webpack.4, 1.0.0-beta.11-webpack.3, 1.0.0-beta.11-webpack.2, 1.0.0-beta.11-webpack, 1.0.0-beta.22, 1.0.0-beta.21, 1.0.0-beta.18, 1.0.0-beta.17, 1.0.0-beta.16, 1.0.0-beta.15, 1.0.0-beta.14, 1.0.0-beta.12, 1.0.0-beta.10, 1.0.0-beta.9, 1.0.0-beta.8, 1.0.0-beta.6, 1.0.0-beta.5, 1.0.0-beta.4, 1.0.0-beta.1, 1.0.0-beta.0, 0.1.0, 0.0.39, 0.0.37, 0.0.34, 0.0.33, 0.0.31, 0.0.30, 0.0.29, 0.0.28, 0.0.27, 0.0.26, 0.0.25, 0.0.24, 0.0.23, 0.0.22, 0.0.20, 0.0.19, 0.0.18, 0.0.17, 0.0.16, 0.0.15, 0.0.14, 0.0.13, 0.0.12, 0.0.11, 0.0.10, 0.0.9, 0.0.8, 0.0.7, 0.0.6, 0.0.5, 0.0.4, 0.0.3, 0.0.2, 0.0.1, 0.0.0
25 silly fetchPackageMetaData ]
26 silly rollbackFailedOptional Starting
27 silly rollbackFailedOptional Finishing
28 silly runTopLevelLifecycles Starting
29 silly runTopLevelLifecycles Finishing
30 silly install printInstalled
31 verbose stack Error: No compatible version found: angular-cli@webpack
31 verbose stack Valid install targets:
31 verbose stack 1.0.0-beta.22-1, 1.0.0-beta.20-4, 1.0.0-beta.20-3, 1.0.0-beta.20-2, 1.0.0-beta.20-1, 1.0.0-beta.2-mobile.4, 1.0.0-beta.2-mobile.3, 1.0.0-beta.2-mobile.2, 1.0.0-beta.2-mobile.1, 1.0.0-beta.2-mobile, 1.0.0-beta.19-3, 1.0.0-beta.12-1, 1.0.0-beta.11-webpack.9-4, 1.0.0-beta.11-webpack.9-3, 1.0.0-beta.11-webpack.9-2, 1.0.0-beta.11-webpack.9-1, 1.0.0-beta.11-webpack.9, 1.0.0-beta.11-webpack.8, 1.0.0-beta.11-webpack.7, 1.0.0-beta.11-webpack.6, 1.0.0-beta.11-webpack.5, 1.0.0-beta.11-webpack.4, 1.0.0-beta.11-webpack.3, 1.0.0-beta.11-webpack.2, 1.0.0-beta.11-webpack, 1.0.0-beta.22, 1.0.0-beta.21, 1.0.0-beta.18, 1.0.0-beta.17, 1.0.0-beta.16, 1.0.0-beta.15, 1.0.0-beta.14, 1.0.0-beta.12, 1.0.0-beta.10, 1.0.0-beta.9, 1.0.0-beta.8, 1.0.0-beta.6, 1.0.0-beta.5, 1.0.0-beta.4, 1.0.0-beta.1, 1.0.0-beta.0, 0.1.0, 0.0.39, 0.0.37, 0.0.34, 0.0.33, 0.0.31, 0.0.30, 0.0.29, 0.0.28, 0.0.27, 0.0.26, 0.0.25, 0.0.24, 0.0.23, 0.0.22, 0.0.20, 0.0.19, 0.0.18, 0.0.17, 0.0.16, 0.0.15, 0.0.14, 0.0.13, 0.0.12, 0.0.11, 0.0.10, 0.0.9, 0.0.8, 0.0.7, 0.0.6, 0.0.5, 0.0.4, 0.0.3, 0.0.2, 0.0.1, 0.0.0
31 verbose stack
31 verbose stack     at pickVersionFromRegistryDocument (/usr/share/npm/lib/fetch-package-metadata.js:156:16)
31 verbose stack     at /usr/share/npm/node_modules/iferr/index.js:13:50
31 verbose stack     at /usr/share/npm/lib/utils/pulse-till-done.js:19:8
31 verbose stack     at saved (/usr/share/npm/lib/cache/caching-client.js:168:7)
31 verbose stack     at /usr/share/npm/node_modules/graceful-fs/polyfills.js:210:7
31 verbose stack     at FSReqWrap.oncomplete (fs.js:82:15)
32 verbose cwd /media/wmfsystem/351d23cc-5288-462c-b128-99d32c7eb2a5/AprendendoAngular2
33 error Linux 4.4.0-21-generic
34 error argv "/usr/bin/nodejs" "/usr/bin/npm" "install" "-g" "angular-cli@webpack"
35 error node v4.2.6
36 error npm  v3.5.2
37 error No compatible version found: angular-cli@webpack
37 error Valid install targets:
37 error 1.0.0-beta.22-1, 1.0.0-beta.20-4, 1.0.0-beta.20-3, 1.0.0-beta.20-2, 1.0.0-beta.20-1, 1.0.0-beta.2-mobile.4, 1.0.0-beta.2-mobile.3, 1.0.0-beta.2-mobile.2, 1.0.0-beta.2-mobile.1, 1.0.0-beta.2-mobile, 1.0.0-beta.19-3, 1.0.0-beta.12-1, 1.0.0-beta.11-webpack.9-4, 1.0.0-beta.11-webpack.9-3, 1.0.0-beta.11-webpack.9-2, 1.0.0-beta.11-webpack.9-1, 1.0.0-beta.11-webpack.9, 1.0.0-beta.11-webpack.8, 1.0.0-beta.11-webpack.7, 1.0.0-beta.11-webpack.6, 1.0.0-beta.11-webpack.5, 1.0.0-beta.11-webpack.4, 1.0.0-beta.11-webpack.3, 1.0.0-beta.11-webpack.2, 1.0.0-beta.11-webpack, 1.0.0-beta.22, 1.0.0-beta.21, 1.0.0-beta.18, 1.0.0-beta.17, 1.0.0-beta.16, 1.0.0-beta.15, 1.0.0-beta.14, 1.0.0-beta.12, 1.0.0-beta.10, 1.0.0-beta.9, 1.0.0-beta.8, 1.0.0-beta.6, 1.0.0-beta.5, 1.0.0-beta.4, 1.0.0-beta.1, 1.0.0-beta.0, 0.1.0, 0.0.39, 0.0.37, 0.0.34, 0.0.33, 0.0.31, 0.0.30, 0.0.29, 0.0.28, 0.0.27, 0.0.26, 0.0.25, 0.0.24, 0.0.23, 0.0.22, 0.0.20, 0.0.19, 0.0.18, 0.0.17, 0.0.16, 0.0.15, 0.0.14, 0.0.13, 0.0.12, 0.0.11, 0.0.10, 0.0.9, 0.0.8, 0.0.7, 0.0.6, 0.0.5, 0.0.4, 0.0.3, 0.0.2, 0.0.1, 0.0.0
38 error If you need help, you may report this error at:
38 error     <https://github.com/npm/npm/issues>
39 verbose exit [ 1, true ]
